<?xml version='1.1' encoding='UTF-8'?>
<result plugin="junit@1.51">
  <suites>
    <suite>
      <file>C:\Program Files (x86)\Jenkins\workspace\JunitProject\target\surefire-reports\TEST-com.deepak.examples.jenkinsjunit.CalculatorTest.xml</file>
      <name>com.deepak.examples.jenkinsjunit.CalculatorTest</name>
      <duration>0.01</duration>
      <time>0.01</time>
      <enclosingBlocks/>
      <enclosingBlockNames/>
      <cases>
        <case>
          <duration>0.009</duration>
          <className>com.deepak.examples.jenkinsjunit.CalculatorTest</className>
          <testName>testSum</testName>
          <skipped>false</skipped>
          <failedSince>0</failedSince>
        </case>
        <case>
          <duration>0.0</duration>
          <className>com.deepak.examples.jenkinsjunit.CalculatorTest</className>
          <testName>testEqual</testName>
          <skipped>false</skipped>
          <failedSince>0</failedSince>
        </case>
        <case>
          <duration>0.001</duration>
          <className>com.deepak.examples.jenkinsjunit.CalculatorTest</className>
          <testName>testSubstraction</testName>
          <skipped>false</skipped>
          <failedSince>0</failedSince>
        </case>
        <case>
          <duration>0.0</duration>
          <className>com.deepak.examples.jenkinsjunit.CalculatorTest</className>
          <testName>testDivisionException</testName>
          <skipped>false</skipped>
          <failedSince>0</failedSince>
        </case>
        <case>
          <duration>0.0</duration>
          <className>com.deepak.examples.jenkinsjunit.CalculatorTest</className>
          <testName>testDivison</testName>
          <skipped>false</skipped>
          <failedSince>0</failedSince>
        </case>
      </cases>
    </suite>
  </suites>
  <duration>0.01</duration>
  <keepLongStdio>true</keepLongStdio>
</result>